Age must be numeric
Welcome on board, Hilda from Nigeria, aged ten. Nice to meet you!
Minor (<18)
Valid input
Age must be numeric
Welcome on board, hil from ni, aged ten. Nice to meet you!
Valid input
Age must be numeric
Welcome on board, Hil from ni, aged ten. Nice to meet you!
Minor (<18)
Valid input
Valid 65
Welcome on board, hil from ni, aged 65. Nice to meet you!
Adult (18–65)
Valid input
All fields are required.
Age must be numeric
Welcome on board, hil from ni, aged ten. Nice to meet you!
Minor (<18)
Age must be numeric
Welcome on board, Hil from Ni, aged 66. Nice to meet you!
Senior (65+)
Welcome on board, Ify from Ghana, aged 20. Nice to meet you!
Adult (18–65)
