total 24K
-rw-rw-r-- 1 joseph joseph 603 Mar 31 20:06 backup.sh
-rw-rw-r-- 1 joseph joseph 863 Mar 31 18:00 file_manager.sh
-rw-rw-r-- 1 joseph joseph 385 Mar 31 20:58 process_monitor.sh
-rw-rw-r-- 1 joseph joseph 626 Mar 31 21:23 run_all.sh
-rw-rw-r-- 1 joseph joseph 841 Mar 31 15:16 system_check.sh
-rw-rw-r-- 1 joseph joseph 646 Mar 31 14:12 user_info.sh
===== SYSTEM REPORT =====
--------- Disk Usage ---------
Filesystem      Size  Used Avail Use% Mounted on
tmpfs           818M  1.6M  816M   1% /run
/dev/sda2        98G  9.8G   84G  11% /
tmpfs           4.0G     0  4.0G   0% /dev/shm
tmpfs           5.0M  8.0K  5.0M   1% /run/lock
tmpfs           818M  148K  818M   1% /run/user/1000
--------- Memory Usage ---------
               total        used        free      shared  buff/cache   available
Mem:            8172        1526        4552          37        2397        6645
Swap:           4095           0        4095
--------- CPU Load ---------
 21:26:20 up 1 day, 24 min,  1 user,  load average: 0.01, 0.10, 0.11
---- total running processes: 204
----- Top 5 memeory-consuming processes -----
USER         PID %CPU %MEM    VSZ   RSS TTY      STAT START   TIME COMMAND
joseph      1784  2.8  5.8 4098540 492048 ?      Ssl  Mar30  41:16 /usr/bin/gnome-shell
joseph     17392  0.1  3.1 1665480 263744 ?      Sl   20:32   0:03 /usr/bin/nautilus --gapplication-service
joseph      2248  0.0  2.7 1358796 228068 ?      Sl   Mar30   0:40 /snap/snapd-desktop-integration/253/usr/bin/snapd-desktop-integration
joseph      1915  0.0  1.3 1138528 109936 ?      Sl   Mar30   0:01 /usr/libexec/evolution-data-server/evolution-alarm-notify
joseph     14478  0.0  1.1 1109756 98600 ?       Sl   12:11   0:00 /usr/libexec/mutter-x11-frames
Backup created: ../backups/backup_20260331_212620.tar.gz
Old backups cleaned up
nginx is stopped. Restarting...
nginx Restarted
ssh is stopped. Restarting...
ssh Restarted
docker is stopped. Restarting...
docker Restarted
Hello Joseph from 9ja! You are an Adult.
===== SYSTEM REPORT =====
--------- Disk Usage ---------
Filesystem      Size  Used Avail Use% Mounted on
tmpfs           818M  1.6M  816M   1% /run
/dev/sda2        98G  9.8G   84G  11% /
tmpfs           4.0G     0  4.0G   0% /dev/shm
tmpfs           5.0M  8.0K  5.0M   1% /run/lock
tmpfs           818M  148K  818M   1% /run/user/1000
--------- Memory Usage ---------
               total        used        free      shared  buff/cache   available
Mem:            8172        1528        4550          37        2397        6644
Swap:           4095           0        4095
--------- CPU Load ---------
 21:30:21 up 1 day, 28 min,  1 user,  load average: 0.07, 0.09, 0.09
---- total running processes: 206
----- Top 5 memeory-consuming processes -----
USER         PID %CPU %MEM    VSZ   RSS TTY      STAT START   TIME COMMAND
joseph      1784  2.8  5.8 4094668 492048 ?      Ssl  Mar30  41:22 /usr/bin/gnome-shell
joseph     17392  0.1  3.1 1665480 263872 ?      Sl   20:32   0:03 /usr/bin/nautilus --gapplication-service
joseph      2248  0.0  2.7 1358796 228068 ?      Sl   Mar30   0:40 /snap/snapd-desktop-integration/253/usr/bin/snapd-desktop-integration
joseph      1915  0.0  1.3 1138528 109936 ?      Sl   Mar30   0:01 /usr/libexec/evolution-data-server/evolution-alarm-notify
joseph     14478  0.0  1.1 1109756 98600 ?       Sl   12:11   0:00 /usr/libexec/mutter-x11-frames
Backup created: ../backups/backup_20260331_213028.tar.gz
Old backups cleaned up
