=========================================
  APP STARTED - 2026-03-25 16:43:30
=========================================
[2026-03-25 16:43:30] INFO: Option 2 selected - System Check
[2026-03-25 16:43:30] INFO: Running system_check.sh...
[2026-03-25 16:43:30] SUCCESS: system_check.sh completed successfully.
[2026-03-25 16:43:30] INFO: Option 1 selected - Run All Scripts
[2026-03-25 16:43:30] INFO: Running all scripts...
[2026-03-25 16:43:30] INFO: Running user_info.sh...
[2026-03-25 16:43:30] SUCCESS: user_info.sh completed.
[2026-03-25 16:43:30] INFO: Running system_check.sh...
[2026-03-25 16:43:30] SUCCESS: system_check.sh completed.
[2026-03-25 16:43:30] INFO: Running file_manager.sh...
[2026-03-25 16:43:30] SUCCESS: file_manager.sh completed.
[2026-03-25 16:43:30] INFO: Running backup.sh...
[2026-03-25 16:43:30] ERROR: backup.sh failed.
[2026-03-25 16:43:30] INFO: Running process_monitor.sh...
[2026-03-25 16:43:30] SUCCESS: process_monitor.sh completed.
[2026-03-25 16:43:30] INFO: All scripts completed.
[2026-03-25 16:43:30] INFO: Exiting DevOps Bash Toolkit. Goodbye!
