[2026-03-25 16:03:43] SUCCESS: File 'file.txt' created.
[2026-03-25 16:04:04] SUCCESS: File 'file.txt' deleted.
[2026-03-25 16:04:15] Error: Unknown command 'list.'.
[2026-03-25 16:04:25] SUCCESS: Listing files in '.':
total 12K
-rw-r--r-- 1 davis davis    0 Mar 25 12:19 README.md
drwxr-xr-x 2 davis davis 4.0K Mar 25 16:03 logs
-rw-r--r-- 1 davis davis   30 Mar 25 12:21 run_all.sh
drwxr-xr-x 2 davis davis 4.0K Mar 25 16:02 scripts
[2026-03-25 16:05:39] SUCCESS: File 'file.txt' created.
[2026-03-25 16:05:44] SUCCESS: Listing files in '.':
total 12K
-rw-r--r-- 1 davis davis    0 Mar 25 12:19 README.md
-rw-r--r-- 1 davis davis    0 Mar 25 16:05 file.txt
drwxr-xr-x 2 davis davis 4.0K Mar 25 16:03 logs
-rw-r--r-- 1 davis davis   30 Mar 25 12:21 run_all.sh
drwxr-xr-x 2 davis davis 4.0K Mar 25 16:02 scripts
[2026-03-25 16:06:08] SUCCESS: File 'file.txt' renamed to 'newfile.txt'.
[2026-03-25 16:44:13] SUCCESS: Listing files in '.':
total 20K
-rw-r--r-- 1 davis davis    0 Mar 25 12:19 README.md
drwxr-xr-x 2 davis davis 4.0K Mar 25 16:28 backups
drwxr-xr-x 2 davis davis 4.0K Mar 25 16:43 logs
-rw-r--r-- 1 davis davis    0 Mar 25 16:05 newfile.txt
-rwxr-xr-x 1 davis davis 6.1K Mar 25 16:43 run_all.sh
drwxr-xr-x 2 davis davis 4.0K Mar 25 16:32 scripts
