2026-03-31 17:11:50 - Failed backup: 'evening-learning' does not exist.
2026-03-31 17:12:46 - No directory specified.
2026-03-31 17:15:43 - Failed backup: 'evening-sessions' does not exist.
2026-03-31 17:15:53 - Backup successful: backups/backup_20260331_171553.tar.gz
2026-03-31 17:18:35 - Failed backup: 'evening-sessions' does not exist.
2026-03-31 17:18:45 - Backup successful: backups/backup_20260331_171845.tar.gz
2026-03-31 17:18:47 - Backup successful: backups/backup_20260331_171847.tar.gz
2026-03-31 17:18:49 - Backup successful: backups/backup_20260331_171849.tar.gz
2026-03-31 17:18:51 - Backup successful: backups/backup_20260331_171851.tar.gz
2026-03-31 17:18:52 - Backup successful: backups/backup_20260331_171852.tar.gz
2026-03-31 17:18:52 - Deleted old backup: backups/backup_20260331_171553.tar.gz
2026-03-31 17:18:53 - Backup successful: backups/backup_20260331_171853.tar.gz
2026-03-31 17:18:53 - Deleted old backup: backups/backup_20260331_171845.tar.gz
2026-03-31 17:18:54 - Backup successful: backups/backup_20260331_171854.tar.gz
2026-03-31 17:18:54 - Deleted old backup: backups/backup_20260331_171847.tar.gz
2026-03-31 17:18:55 - Backup successful: backups/backup_20260331_171855.tar.gz
2026-03-31 17:18:55 - Deleted old backup: backups/backup_20260331_171849.tar.gz
2026-03-31 17:18:57 - Backup successful: backups/backup_20260331_171857.tar.gz
2026-03-31 17:18:57 - Deleted old backup: backups/backup_20260331_171851.tar.gz
2026-03-31 17:18:58 - Backup successful: backups/backup_20260331_171858.tar.gz
2026-03-31 17:18:58 - Deleted old backup: backups/backup_20260331_171852.tar.gz
