--- Monitoring Default Services ---
nginx: Stopped
Attempting restart for nginx...
nginx: Restarted
ssh: Running
docker: Running
vlc: Stopped
Attempting restart for vlc...
vlc: Restarted
chrome: Running
brave: Running
[Mon 30 Mar 2026 11:57:31 WAT] ssh: Stopped. Attempting real restart...
[Mon 30 Mar 2026 11:57:32 WAT] ssh: Restart FAILED
[Mon 30 Mar 2026 11:57:32 WAT] docker: Running
[Mon 30 Mar 2026 11:57:32 WAT] cron: Stopped. Attempting real restart...
[Mon 30 Mar 2026 11:57:32 WAT] cron: Successfully Restarted
[Mon 30 Mar 2026 11:59:25 WAT] ssh: Stopped. Attempting real restart...
[Mon 30 Mar 2026 11:59:25 WAT] ssh: Restart FAILED
[Mon 30 Mar 2026 11:59:25 WAT] docker: Running
[Mon 30 Mar 2026 11:59:26 WAT] nginx: Stopped. Attempting real restart...
[Mon 30 Mar 2026 11:59:26 WAT] nginx: Restart FAILED
