System Check Report - Tue Mar 31 07:44:22 PM WAT 2026
================================

Disk Usage:
Filesystem      Size  Used Avail Use% Mounted on
tmpfs           392M  1.6M  390M   1% /run
/dev/sda2        25G   11G   13G  47% /
tmpfs           2.0G     0  2.0G   0% /dev/shm
tmpfs           5.0M  8.0K  5.0M   1% /run/lock
tmpfs           392M  132K  392M   1% /run/user/1000

Memory Usage:
               total        used        free      shared  buff/cache   available
Mem:            3915        1811         108          55        1868        2103
Swap:           3914           0        3914

CPU Load:
 19:44:22 up  6:31,  1 user,  load average: 0.08, 0.19, 0.30

Total Running Processes:
203

Top 5 Memory-Consuming Processes:
USER         PID %CPU %MEM    VSZ   RSS TTY      STAT START   TIME COMMAND
joy         5791  2.6 17.7 12160192 713132 ?     Sl   13:54   9:08 /snap/firefox/7766/usr/lib/firefox/firefox
joy         1885  2.1 10.4 3555488 417684 ?      Rsl  13:14   8:25 /usr/bin/gnome-shell
joy         6640  3.8 10.1 3237668 407824 ?      Sl   13:54  13:33 /snap/firefox/7766/usr/lib/firefox/firefox -contentproc -isForBrowser -prefsHandle 0:42872 -prefMapHandle 1:276745 -jsInitHandle 2:223968 -parentBuildID 20260204004611 -sandboxReporter 3 -chrootClient 4 -ipcHandle 5 -initialChannelId {450517db-2021-4f9b-a200-0df9154c8c3d} -parentPid 5791 -crashReporter 6 -crashHelper 7 -greomni /snap/firefox/7766/usr/lib/firefox/omni.ja -appomni /snap/firefox/7766/usr/lib/firefox/browser/omni.ja -appDir /snap/firefox/7766/usr/lib/firefox/browser 8 tab
joy         6786  0.6  6.4 2850752 256852 ?      Sl   13:56   2:12 /snap/firefox/7766/usr/lib/firefox/firefox -contentproc -isForBrowser -prefsHandle 0:42872 -prefMapHandle 1:276745 -jsInitHandle 2:223968 -parentBuildID 20260204004611 -sandboxReporter 3 -chrootClient 4 -ipcHandle 5 -initialChannelId {125c62d2-ab3a-472d-91ab-f936b2930d5f} -parentPid 5791 -crashReporter 6 -crashHelper 7 -greomni /snap/firefox/7766/usr/lib/firefox/omni.ja -appomni /snap/firefox/7766/usr/lib/firefox/browser/omni.ja -appDir /snap/firefox/7766/usr/lib/firefox/browser 10 tab
joy         5942  0.1  3.8 2645328 153792 ?      Sl   13:54   0:38 /snap/firefox/7766/usr/lib/firefox/firefox -contentproc -isForBrowser -prefsHandle 0:35289 -prefMapHandle 1:276745 -jsInitHandle 2:223968 -parentBuildID 20260204004611 -sandboxReporter 3 -chrootClient 4 -ipcHandle 5 -initialChannelId {3f916664-2341-46e4-8c2e-9601a79d38ae} -parentPid 5791 -crashReporter 6 -crashHelper 7 -greomni /snap/firefox/7766/usr/lib/firefox/omni.ja -appomni /snap/firefox/7766/usr/lib/firefox/browser/omni.ja -appDir /snap/firefox/7766/usr/lib/firefox/browser 3 tab

Disk Usage Warnings (>80%):
