=== System Report: Tue Mar 31 21:08:14 UTC 2026 ===

[Disk Usage]
Filesystem                         Size  Used Avail Use% Mounted on
udev                               964M     0  964M   0% /dev
tmpfs                              200M  748K  199M   1% /run
/dev/mapper/ubuntu--vg-ubuntu--lv   20G  3.8G   15G  21% /
tmpfs                              997M     0  997M   0% /dev/shm
tmpfs                              5.0M     0  5.0M   0% /run/lock
tmpfs                              997M     0  997M   0% /sys/fs/cgroup
/dev/sda2                          974M   80M  827M   9% /boot
tmpfs                              200M     0  200M   0% /run/user/1000

[Memory Usage]

[System Uptime]

[Total Running Processes]: -1

[Top 5 Memory-Consuming Processes (KB)]
root      1139  0.0  0.9 186032 19932 ?        Ssl  20:24   0:00 /usr/bin/python3 /usr/share/unattended-upgrades/unattended-upgrade-shutdown --wait-for-signal
root      1045  0.0  0.8 169612 17300 ?        Ssl  20:24   0:00 /usr/bin/python3 /usr/bin/networkd-dispatcher --run-startup-triggers
root       461  0.0  0.6  94676 14036 ?        S<s  20:23   0:00 /lib/systemd/systemd-journald
root         1  0.1  0.4 159860  9208 ?        Ss   20:23   0:03 /sbin/init maybe-ubiquity
ogheneo+  3286  0.0  0.3  76640  7740 ?        Ss   21:06   0:00 /lib/systemd/systemd --user
