===== SYSTEM REPORT (2026-03-26_18-25-52) =====

--- Disk Usage ---
Filesystem                                               Size    Used   Avail Capacity iused ifree %iused  Mounted on
/dev/disk3s1s1                                          460Gi    10Gi   318Gi     4%    410k  3.3G    0%   /
devfs                                                   203Ki   203Ki     0Bi   100%     702     0  100%   /dev
/dev/disk3s6                                            460Gi    20Ki   318Gi     1%       0  3.3G    0%   /System/Volumes/VM
/dev/disk3s2                                            460Gi   5.5Gi   318Gi     2%     174  3.3G    0%   /System/Volumes/Preboot
/dev/disk3s4                                            460Gi   3.4Mi   318Gi     1%      23  3.3G    0%   /System/Volumes/Update
/dev/disk1s2                                            500Mi   6.0Mi   482Mi     2%       1  4.9M    0%   /System/Volumes/xarts
/dev/disk1s1                                            500Mi   5.4Mi   482Mi     2%      34  4.9M    0%   /System/Volumes/iSCPreboot
/dev/disk1s3                                            500Mi   2.3Mi   482Mi     1%      87  4.9M    0%   /System/Volumes/Hardware
/dev/disk3s5                                            460Gi   126Gi   318Gi    29%    994k  3.3G    0%   /System/Volumes/Data
map auto_home                                             0Bi     0Bi     0Bi   100%       0     0     -   /System/Volumes/Data/home
/dev/disk4s1                                            1.6Gi   1.1Gi   472Mi    72%    1.2k  4.3G    0%   /Volumes/UTM
/Users/victorianduka/Downloads/Visual Studio Code.app   460Gi   126Gi   318Gi    29%    997k  3.3G    0%   /private/var/folders/0d/gj8by00x3yb8wm8fhbxh8w1h0000gn/T/AppTranslocation/B945C54C-C8A4-4EA8-A42A-D59F4F9E7BE7

--- Disk Usage Warnings ---
WARNING: Disk usage on 702 is 100%

--- Memory Usage ---

--- CPU Load ---
18:25  up 1 day,  8:47, 1 user, load averages: 1.85 1.84 1.77

--- Total Running Processes ---
Total processes:      716

--- Top 5 Memory-Consuming Processes ---

===== END OF REPORT =====
