
----- DISK USAGE -----
Filesystem                         Size  Used Avail Use% Mounted on
tmpfs                              542M  1.1M  541M   1% /run
/dev/mapper/ubuntu--vg-ubuntu--lv   24G  9.0G   14G  41% /
tmpfs                              2.7G     0  2.7G   0% /dev/shm
tmpfs                              5.0M     0  5.0M   0% /run/lock
tmpfs                              1.0M     0  1.0M   0% /run/credentials/systemd-journald.service
tmpfs                              2.7G     0  2.7G   0% /tmp
tmpfs                              1.0M     0  1.0M   0% /run/credentials/systemd-resolved.service
/dev/sda2                          2.0G  240M  1.6G  14% /boot
tmpfs                              1.0M     0  1.0M   0% /run/credentials/systemd-networkd.service
tmpfs                              1.0M     0  1.0M   0% /run/credentials/getty@tty1.service
tmpfs                              542M   12K  542M   1% /run/user/1000
/run is okay at 1%.
/ is okay at 41%.
/dev/shm is okay at 0%.
/run/lock is okay at 0%.
/run/credentials/systemd-journald.service is okay at 0%.
/tmp is okay at 0%.
/run/credentials/systemd-resolved.service is okay at 0%.
/boot is okay at 14%.
/run/credentials/systemd-networkd.service is okay at 0%.
/run/credentials/getty@tty1.service is okay at 0%.
/run/user/1000 is okay at 1%.

----- MEMORY USAGE -----
               total        used        free      shared  buff/cache   available
Mem:            5412         524        4357           1         756        4887
Swap:           4095           0        4095

----- CPU LOAD -----
 20:10:59 up 30 min,  2 users,  load average: 0.00, 0.05, 0.07

----- TOTAL RUNNING PROCESSES -----
Total running processes: 133

----- TOP 5 MEMORY-CONSUMING PROCESSES -----
    PID COMMAND         %MEM %CPU
   1437 prometheus       1.2  0.2
    896 snapd            0.7  0.4
    336 systemd-journal  0.6  0.0
   1193 unattended-upgr  0.5  0.0
    892 networkd-dispat  0.4  0.0
