
	 Hello Sifon!

 I see you're 22 years old, that makes you an adult

 I hope Albania is treating you nice

	 Welcome! It's lovely to have you here

	 Hello Vee!

 I see you're 10 years old, that makes you a minor

 I hope china is treating you nice

	 Welcome! It's lovely to have you here

date


	 Hello Nana!

 I see you're 78 years old, that makes you a senior

 I hope Argentina is treating you nice

	 Welcome! It's lovely to have you here

March 31 02:52:55

	 Hello Nunu!

 I see you're 48 years old, that makes you an adult

 I hope Cameroon is treating you nice

	 Welcome! It's lovely to have you here

March 31 19:56:29

	 Hello Gift!

 I see you're 66 years old, that makes you a senior

 I hope Japan is treating you nice

	 Welcome! It's lovely to have you here

March 31 20:10:15

	 Hello gift!

 I see you're 10 years old, that makes you a minor

 I hope China is treating you nice

	 Welcome! It's lovely to have you here

April 01 05:23:44

	 Hello Nu!

 I see you're 12 years old, that makes you a minor

 I hope Canada is treating you nice

	 Welcome! It's lovely to have you here

April 01 05:35:30

	 Hello V!

 I see you're 12 years old, that makes you a minor

 I hope Canada is treating you nice

	 Welcome! It's lovely to have you here

April 01 05:35:50

	 Hello w!

 I see you're 23 years old, that makes you an adult

 I hope CANADA is treating you nice

	 Welcome! It's lovely to have you here
