Sat Mar 28 11:49:30 WAT 2026: nginx: Stopped
Sat Mar 28 11:49:30 WAT 2026: Attempting restart: nginx
Sat Mar 28 11:49:30 WAT 2026: nginx: Restarted
Sat Mar 28 11:49:30 WAT 2026: ssh: Stopped
Sat Mar 28 11:49:30 WAT 2026: Attempting restart: ssh
Sat Mar 28 11:49:30 WAT 2026: ssh: Restarted
Sat Mar 28 11:49:30 WAT 2026: docker: Stopped
Sat Mar 28 11:49:30 WAT 2026: Attempting restart: docker
Sat Mar 28 11:49:30 WAT 2026: docker: Restarted
Sat Mar 28 11:50:00 WAT 2026: nginx: Stopped
Sat Mar 28 11:50:01 WAT 2026: Attempting restart: nginx
Sat Mar 28 11:50:01 WAT 2026: nginx: Restarted
Sat Mar 28 11:50:12 WAT 2026: nginx: Stopped
Sat Mar 28 11:50:12 WAT 2026: Attempting restart: nginx
Sat Mar 28 11:50:12 WAT 2026: nginx: Restarted
Sat Mar 28 11:50:12 WAT 2026: ssh: Stopped
Sat Mar 28 11:50:12 WAT 2026: Attempting restart: ssh
Sat Mar 28 11:50:12 WAT 2026: ssh: Restarted
Sat Mar 28 11:50:12 WAT 2026: docker: Stopped
Sat Mar 28 11:50:12 WAT 2026: Attempting restart: docker
Sat Mar 28 11:50:12 WAT 2026: docker: Restarted
