--- Process Monitor Started: Fri Mar 27 14:59:07 WAT 2026 ---
nginx: Stopped
Attempting to restart nginx...
nginx: Restarted
ssh: Stopped
Attempting to restart ssh...
ssh: Restarted
docker: Stopped
Attempting to restart docker...
docker: Restarted
------------------------------------------
------------------------------------------
Monitoring Session: Fri Mar 27 15:02:13 WAT 2026
------------------------------------------
nginx: Stopped
Attempting to restart nginx...
nginx: Restarted
ssh: Stopped
Attempting to restart ssh...
ssh: Restarted
docker: Stopped
Attempting to restart docker...
docker: Restarted
Session Ended

------------------------------------------
Monitoring Session: Fri Mar 27 15:49:20 WAT 2026
------------------------------------------
nginx: Stopped
Attempting to restart nginx...
nginx: Restarted
ssh: Stopped
Attempting to restart ssh...
ssh: Restarted
docker: Stopped
Attempting to restart docker...
docker: Restarted
Session Ended

