Disk Usage:
Filesystem      Size  Used Avail Use% Mounted on
none            3.9G     0  3.9G   0% /usr/lib/modules/6.6.87.2-microsoft-standard-WSL2
none            3.9G  4.0K  3.9G   1% /mnt/wsl
drivers         237G  173G   64G  73% /usr/lib/wsl/drivers
/dev/sdd       1007G  2.2G  954G   1% /
none            3.9G  9.5M  3.9G   1% /mnt/wslg
none            3.9G     0  3.9G   0% /usr/lib/wsl/lib
rootfs          3.9G  2.7M  3.9G   1% /init
none            3.9G  812K  3.9G   1% /run
none            3.9G     0  3.9G   0% /run/lock
none            3.9G   18M  3.9G   1% /run/shm
none            3.9G   76K  3.9G   1% /mnt/wslg/versions.txt
none            3.9G   76K  3.9G   1% /mnt/wslg/doc
C:\             237G  173G   64G  73% /mnt/c
tmpfs           789M   12K  789M   1% /run/user/1000
snapfuse         49M   49M     0 100% /snap/snapd/26382
snapfuse         64M   64M     0 100% /snap/core20/2769
snapfuse        359M  359M     0 100% /snap/code/231
WARNING: Disk /snap/snapd/26382 usage is 100%
WARNING: Disk /snap/core20/2769 usage is 100%
WARNING: Disk /snap/code/231 usage is 100%

Memory Usage:
               total        used        free      shared  buff/cache   available
Mem:            7880         899        6605          40         375        6776
Swap:           2048           0        2048

CPU Load:
 00:25:41 up  1:14,  1 user,  load average: 0.07, 0.06, 0.02

Total Running Processes:
43

Top 5 Memory-Consuming Processes:
USER         PID %CPU %MEM    VSZ   RSS TTY      STAT START   TIME COMMAND
dabby       7987  4.6  4.0 1463049284 322820 ?   Sl   Mar28   2:37 /snap/code/231/usr/share/code/code --type=zygote --no-sandbox
dabby       7829  0.8  2.3 1461447896 188816 ?   Ssl  Mar28   0:27 /snap/code/231/usr/share/code/code --no-sandbox . --ozone-platform=x11
dabby       8640  0.4  1.9 1461331320 158068 ?   Sl   Mar28   0:14 /proc/self/exe --type=utility --utility-sub-type=node.mojom.NodeService --lang=en-US --service-sandbox-type=none --no-sandbox --dns-result-order=ipv4first --experimental-network-inspection --inspect-port=0 --js-flags=--nodecommit_pooled_pages --enable-crash-reporter=beaf216b-6637-4d5f-ba62-e4abcbca1a45,no_channel --user-data-dir=/home/dabby/.config/Code --standard-schemes=vscode-webview,vscode-file --secure-schemes=vscode-webview,vscode-file --cors-schemes=vscode-webview,vscode-file --fetch-schemes=vscode-webview,vscode-file --service-worker-schemes=vscode-webview --code-cache-schemes=vscode-webview,vscode-file --shared-files=v8_context_snapshot_data:100 --field-trial-handle=3,i,1647096553919417597,999127772550996017,262144 --enable-features=DocumentPolicyIncludeJSCallStacksInCrashReports,EarlyEstablishGpuChannel,EstablishGpuChannelAsync --disable-features=CalculateNativeWinOcclusion,LocalNetworkAccessChecks,ScreenAIOCREnabled,SpareRendererForSitePerProcess,TraceSiteInstanceGetProcessCreation --variations-seed-version --trace-process-track-uuid=3190708996619331833
dabby       8609  0.2  1.7 1461330128 138660 ?   Sl   Mar28   0:09 /proc/self/exe --type=utility --utility-sub-type=node.mojom.NodeService --lang=en-US --service-sandbox-type=none --no-sandbox --js-flags=--nodecommit_pooled_pages --enable-crash-reporter=beaf216b-6637-4d5f-ba62-e4abcbca1a45,no_channel --user-data-dir=/home/dabby/.config/Code --standard-schemes=vscode-webview,vscode-file --secure-schemes=vscode-webview,vscode-file --cors-schemes=vscode-webview,vscode-file --fetch-schemes=vscode-webview,vscode-file --service-worker-schemes=vscode-webview --code-cache-schemes=vscode-webview,vscode-file --shared-files=v8_context_snapshot_data:100 --field-trial-handle=3,i,1647096553919417597,999127772550996017,262144 --enable-features=DocumentPolicyIncludeJSCallStacksInCrashReports,EarlyEstablishGpuChannel,EstablishGpuChannelAsync --disable-features=CalculateNativeWinOcclusion,LocalNetworkAccessChecks,ScreenAIOCREnabled,SpareRendererForSitePerProcess,TraceSiteInstanceGetProcessCreation --variations-seed-version --trace-process-track-uuid=3190708994745248135
dabby       8610  0.1  1.3 1461338916 107404 ?   Sl   Mar28   0:06 /proc/self/exe --type=utility --utility-sub-type=node.mojom.NodeService --lang=en-US --service-sandbox-type=none --no-sandbox --js-flags=--nodecommit_pooled_pages --enable-crash-reporter=beaf216b-6637-4d5f-ba62-e4abcbca1a45,no_channel --user-data-dir=/home/dabby/.config/Code --standard-schemes=vscode-webview,vscode-file --secure-schemes=vscode-webview,vscode-file --cors-schemes=vscode-webview,vscode-file --fetch-schemes=vscode-webview,vscode-file --service-worker-schemes=vscode-webview --code-cache-schemes=vscode-webview,vscode-file --shared-files=v8_context_snapshot_data:100 --field-trial-handle=3,i,1647096553919417597,999127772550996017,262144 --enable-features=DocumentPolicyIncludeJSCallStacksInCrashReports,EarlyEstablishGpuChannel,EstablishGpuChannelAsync --disable-features=CalculateNativeWinOcclusion,LocalNetworkAccessChecks,ScreenAIOCREnabled,SpareRendererForSitePerProcess,TraceSiteInstanceGetProcessCreation --variations-seed-version --trace-process-track-uuid=3190708995682289984
