=== System Check Report ===
Generated: 2026-03-31 23:46:24

--- DISK USAGE ---
Filesystem        Size    Used   Avail Capacity iused ifree %iused  Mounted on
/dev/disk3s3s1   460Gi   9.5Gi   367Gi     3%    404k  3.8G    0%   /
devfs            201Ki   201Ki     0Bi   100%     696     0  100%   /dev
/dev/disk3s6     460Gi    20Ki   367Gi     1%       0  3.8G    0%   /System/Volumes/VM
/dev/disk3s4     460Gi   6.4Gi   367Gi     2%    1.5k  3.8G    0%   /System/Volumes/Preboot
/dev/disk3s2     460Gi    60Mi   367Gi     1%     123  3.8G    0%   /System/Volumes/Update
/dev/disk2s2     500Mi   6.0Mi   483Mi     2%       3  4.9M    0%   /System/Volumes/xarts
/dev/disk2s1     500Mi   6.2Mi   483Mi     2%      36  4.9M    0%   /System/Volumes/iSCPreboot
/dev/disk2s3     500Mi   476Ki   483Mi     1%      41  4.9M    0%   /System/Volumes/Hardware
/dev/disk3s1     460Gi    75Gi   367Gi    18%    546k  3.8G    0%   /System/Volumes/Data
map auto_home      0Bi     0Bi     0Bi   100%       0     0     -   /System/Volumes/Data/home

✓ Disk usage is at 3% (within acceptable range)

--- MEMORY USAGE ---

--- CPU LOAD ---
23:46  up  3:01, 2 users, load averages: 2.36 1.85 1.73

Total Running Processes: 565

--- TOP 5 MEMORY-CONSUMING PROCESSES ---

=== End of Report ===
