System Health Report - 2026-03-31 13:26:15
Hostname: PowerHouse

===== DISK USAGE =====
Filesystem            Size  Used Avail Use% Mounted on
C:/Program Files/Git  953G  651G  303G  69% /

===== MEMORY USAGE =====
Memory details via systeminfo:
Total Physical Memory:         32,514 MB
Available Physical Memory:     20,487 MB

===== CPU LOAD =====
LoadPercentage  
5               

===== TOTAL RUNNING PROCESSES =====
Total processes: 300

===== TOP 5 MEMORY-CONSUMING PROCESSES =====
PID      %CPU   %MEM   COMMAND
msedgewebview2.exe           14740 Console                    1    888,380 K
WhatsApp.Root.exe             8984 Console                    1    608,880 K
firefox.exe                   5212 Console                    1    480,368 K
explorer.exe                 10124 Console                    1    448,192 K
msedgewebview2.exe            4688 Console                    1    408,408 K
