System Report - Fri Mar 27 08:44:22 WAT 2026
-----------------------------------
Disk Usage:
Filesystem        Size    Used   Avail Capacity iused ifree %iused  Mounted on
/dev/disk3s1s1   228Gi    10Gi   962Mi    92%    412k  9.9M    4%   /
devfs            233Ki   233Ki     0Bi   100%     806     0  100%   /dev
/dev/disk3s6     228Gi   2.0Gi   962Mi    69%       2  9.9M    0%   /System/Volumes/VM
/dev/disk3s2     228Gi   6.4Gi   962Mi    88%    1.2k  9.9M    0%   /System/Volumes/Preboot
/dev/disk3s4     228Gi   2.3Mi   962Mi     1%      52  9.9M    0%   /System/Volumes/Update
/dev/disk1s2     500Mi   6.0Mi   483Mi     2%       4  4.9M    0%   /System/Volumes/xarts
/dev/disk1s1     500Mi   5.4Mi   483Mi     2%      32  4.9M    0%   /System/Volumes/iSCPreboot
/dev/disk1s3     500Mi   496Ki   483Mi     1%      41  4.9M    0%   /System/Volumes/Hardware
/dev/disk3s5     228Gi   207Gi   962Mi   100%    2.4M  9.9M   19%   /System/Volumes/Data
map auto_home      0Bi     0Bi     0Bi   100%       0     0     -   /System/Volumes/Data/home
/dev/disk3s3     228Gi   987Mi   962Mi    51%      37  9.9M    0%   /Volumes/Recovery
/dev/disk5s1      16Gi    16Gi   467Mi    98%    507k  4.8M   10%   /Library/Developer/CoreSimulator/Volumes/iOS_21C62
/dev/disk7s1     4.0Gi   3.6Gi   375Mi    91%    212k  3.8M    5%   /Library/Developer/CoreSimulator/Volumes/tvOS_21J353
/dev/disk9s1      16Gi    16Gi   460Mi    98%    521k  4.7M   10%   /Library/Developer/CoreSimulator/Volumes/iOS_21E213
/dev/disk11s1    8.5Gi   8.2Gi   257Mi    98%    216k  2.6M    8%   /Library/Developer/CoreSimulator/Volumes/tvOS_21K364
/dev/disk13s1    8.4Gi   8.1Gi   248Mi    98%      13  2.5M    0%   /Library/Developer/CoreSimulator/Cryptex/Images/bundle/SimRuntimeBundle-5A228836-ADF7-4C98-B2AB-F26EBA82F3D6
/dev/disk15s1     18Gi    18Gi   472Mi    98%    459k  4.8M    9%   /Library/Developer/CoreSimulator/Volumes/iOS_22C150
/dev/disk17s1    4.3Gi   4.0Gi   279Mi    94%    328k  2.9M   10%   /Library/Developer/CoreSimulator/Volumes/watchOS_21R355
WARNING: High disk usage on 412k
WARNING: High disk usage on 806
WARNING: High disk usage on 1.2k
WARNING: High disk usage on 2.4M
WARNING: High disk usage on 507k
WARNING: High disk usage on 212k
WARNING: High disk usage on 521k
WARNING: High disk usage on 216k
WARNING: High disk usage on 13
WARNING: High disk usage on 459k
WARNING: High disk usage on 328k
Memory Usage:
Mach Virtual Memory Statistics: (page size of 16384 bytes)
Pages free:                                8788.
Pages active:                            109855.
Pages inactive:                          108737.
Pages speculative:                          592.
Pages throttled:                              0.
Pages wired down:                        109601.
Pages purgeable:                           5985.
"Translation faults":                 174796920.
Pages copy-on-write:                    8090157.
Pages zero filled:                     48595373.
Pages reactivated:                     42632576.
Pages purged:                           4612557.
File-backed pages:                        75485.
Anonymous pages:                         143699.
Pages stored in compressor:              610102.
Pages occupied by compressor:            150930.
Decompressions:                        34129875.
Compressions:                          40588088.
Pageins:                               18016853.
Pageouts:                                236784.
Swapins:                                  77664.
Swapouts:                                204444.
CPU Load:
 8:44  up 2 days,  1:29, 2 users, load averages: 1.50 1.59 1.73
Total Running Processes:
     632
Top 5 Memory-Consuming Processes:
ayoade            3893   0.4  5.0 1865778176 422992   ??  S    Wed08AM   5:13.32 /Applications/Google Chrome.app/Contents/Frameworks/Google Chrome Framework.framework/Versions/146.0.7680.155/Helpers/Google Chrome Helper (Renderer).app/Contents/MacOS/Google Chrome Helper (Renderer) --type=renderer --metrics-client-id=f14357b9-960c-4cbe-8f81-97e8baaf0b48 --origin-trial-disabled-features=CanvasTextNg|WebAssemblyCustomDescriptors --lang=en-GB --num-raster-threads=4 --enable-zero-copy --enable-gpu-memory-buffer-compositor-resources --enable-main-frame-before-activation --renderer-client-id=174 --time-ticks-at-unix-epoch=-1774419306328971 --launch-time-ticks=4410579453 --shared-files --metrics-shmem-handle=1752395122,r,10979726778060480503,11248380371858217863,2097152 --field-trial-handle=1718379636,r,7112977736641214464,15925235316742163624,262144 --variations-seed-version=20260324-010050.216000-production --pseudonymization-salt-handle=1935764596,r,11515568580470352292,7815071642821036312,4 --trace-process-track-uuid=3190709149357153220 --seatbelt-client=80
ayoade            1236   0.7  2.9 512191504 244880   ??  S    Wed07AM  17:21.44 /Applications/Google Chrome.app/Contents/MacOS/Google Chrome
ayoade           10958   0.1  2.7 413156992 226256   ??  S    12:12PM   8:07.46 /Applications/WhatsApp.localized/WhatsApp.app/Contents/MacOS/WhatsApp
ayoade           21857   0.0  1.6 1867680224 136864   ??  S     7:39AM   0:35.59 /Applications/Google Chrome.app/Contents/Frameworks/Google Chrome Framework.framework/Versions/146.0.7680.155/Helpers/Google Chrome Helper (Renderer).app/Contents/MacOS/Google Chrome Helper (Renderer) --type=renderer --metrics-client-id=f14357b9-960c-4cbe-8f81-97e8baaf0b48 --origin-trial-disabled-features=CanvasTextNg|WebAssemblyCustomDescriptors --lang=en-GB --num-raster-threads=4 --enable-zero-copy --enable-gpu-memory-buffer-compositor-resources --enable-main-frame-before-activation --renderer-client-id=2021 --time-ticks-at-unix-epoch=-1774419306328971 --launch-time-ticks=35434755914 --shared-files --metrics-shmem-handle=1752395122,r,1139621957501309030,14249612403380369907,2097152 --field-trial-handle=1718379636,r,7112977736641214464,15925235316742163624,262144 --variations-seed-version=20260324-010050.216000-production --pseudonymization-salt-handle=1935764596,r,11515568580470352292,7815071642821036312,4 --trace-process-track-uuid=3190710880073448323 --seatbelt-client=200
ayoade            2028   0.0  1.3 1867494624 107744   ??  S    Wed07AM   1:15.41 /Applications/Google Chrome.app/Contents/Frameworks/Google Chrome Framework.framework/Versions/146.0.7680.155/Helpers/Google Chrome Helper (Renderer).app/Contents/MacOS/Google Chrome Helper (Renderer) --type=renderer --metrics-client-id=f14357b9-960c-4cbe-8f81-97e8baaf0b48 --origin-trial-disabled-features=CanvasTextNg|WebAssemblyCustomDescriptors --lang=en-GB --num-raster-threads=4 --enable-zero-copy --enable-gpu-memory-buffer-compositor-resources --enable-main-frame-before-activation --renderer-client-id=65 --time-ticks-at-unix-epoch=-1774419306328971 --launch-time-ticks=1294732249 --shared-files --metrics-shmem-handle=1752395122,r,10008113660763673291,9641004680315491724,2097152 --field-trial-handle=1718379636,r,7112977736641214464,15925235316742163624,262144 --variations-seed-version=20260324-010050.216000-production --pseudonymization-salt-handle=1935764596,r,11515568580470352292,7815071642821036312,4 --trace-process-track-uuid=3190709047219591679 --seatbelt-client=161
ayoade           21990   0.0  1.2 1865709520 101600   ??  S     7:46AM   0:34.68 /Applications/Google Chrome.app/Contents/Frameworks/Google Chrome Framework.framework/Versions/146.0.7680.155/Helpers/Google Chrome Helper (Renderer).app/Contents/MacOS/Google Chrome Helper (Renderer) --type=renderer --metrics-client-id=f14357b9-960c-4cbe-8f81-97e8baaf0b48 --origin-trial-disabled-features=CanvasTextNg|WebAssemblyCustomDescriptors --lang=en-GB --num-raster-threads=4 --enable-zero-copy --enable-gpu-memory-buffer-compositor-resources --enable-main-frame-before-activation --renderer-client-id=2040 --time-ticks-at-unix-epoch=-1774419306328971 --launch-time-ticks=35838051805 --shared-files --metrics-shmem-handle=1752395122,r,18176651892232981801,1664188790706437904,2097152 --field-trial-handle=1718379636,r,7112977736641214464,15925235316742163624,262144 --variations-seed-version=20260324-010050.216000-production --pseudonymization-salt-handle=1935764596,r,11515568580470352292,7815071642821036312,4 --trace-process-track-uuid=3190710897877243454 --seatbelt-client=200
