System Health Report - 2026-03-31 14:15:35
Hostname: PowerHouse

===== DISK USAGE =====
Filesystem            Size  Used Avail Use% Mounted on
C:/Program Files/Git  953G  651G  303G  69% /

===== MEMORY USAGE =====
Memory details via systeminfo:
Total Physical Memory:         32,514 MB
Available Physical Memory:     20,456 MB

===== CPU LOAD =====
LoadPercentage  
9               

===== TOTAL RUNNING PROCESSES =====
Total processes: 305

===== TOP 5 MEMORY-CONSUMING PROCESSES =====
PID      %CPU   %MEM   COMMAND
msedgewebview2.exe           14740 Console                    1    889,692 K
WhatsApp.Root.exe             8984 Console                    1    608,936 K
explorer.exe                 10124 Console                    1    449,476 K
firefox.exe                   5212 Console                    1    427,168 K
msedgewebview2.exe            4688 Console                    1    420,844 K
