Fri Apr  3 17:10:36 WAT 2026 - nginx: Stopped
Fri Apr  3 17:10:45 WAT 2026 - nginx: Failed to restart
Fri Apr  3 17:10:45 WAT 2026 - ssh: Stopped
Fri Apr  3 17:10:45 WAT 2026 - ssh: Failed to restart
Fri Apr  3 17:10:45 WAT 2026 - docker: Stopped
Fri Apr  3 17:10:45 WAT 2026 - docker: Failed to restart
Fri Apr  3 17:11:13 WAT 2026 - nginx: Stopped
Fri Apr  3 17:11:13 WAT 2026 - nginx: Failed to restart
Fri Apr  3 17:11:39 WAT 2026 - nginx: Stopped
Fri Apr  3 17:11:39 WAT 2026 - nginx: Failed to restart
Fri Apr  3 17:11:39 WAT 2026 - ssh: Stopped
Fri Apr  3 17:11:39 WAT 2026 - ssh: Failed to restart
Fri Apr  3 17:11:39 WAT 2026 - docker: Stopped
Fri Apr  3 17:11:39 WAT 2026 - docker: Failed to restart
Fri Apr  3 17:14:43 WAT 2026 - nginx: Stopped
Fri Apr  3 17:14:50 WAT 2026 - nginx: Failed to restart
Fri Apr  3 17:14:51 WAT 2026 - ssh: Stopped
Fri Apr  3 17:14:51 WAT 2026 - ssh: Failed to restart
Fri Apr  3 17:14:51 WAT 2026 - docker: Stopped
Fri Apr  3 17:14:51 WAT 2026 - docker: Failed to restart
Fri Apr  3 17:21:51 WAT 2026 - nginx: Running
Fri Apr  3 17:21:51 WAT 2026 - ssh: Stopped
Fri Apr  3 17:21:51 WAT 2026 - ssh: Failed to restart
Fri Apr  3 17:21:51 WAT 2026 - docker: Stopped
Fri Apr  3 17:21:51 WAT 2026 - docker: Failed to restart
Fri Apr  3 17:39:59 WAT 2026 - nginx: Running
Fri Apr  3 17:39:59 WAT 2026 - ssh: Stopped
Fri Apr  3 17:39:59 WAT 2026 - ssh: Failed to restart
Fri Apr  3 17:39:59 WAT 2026 - docker: Stopped
Fri Apr  3 17:40:01 WAT 2026 - docker: Failed to restart
Fri Apr  3 17:41:25 WAT 2026 - nginx: Running
Fri Apr  3 17:41:25 WAT 2026 - ssh: Stopped
Fri Apr  3 17:41:25 WAT 2026 - ssh: Failed to restart
Fri Apr  3 17:41:25 WAT 2026 - docker: Stopped
Fri Apr  3 17:41:27 WAT 2026 - docker: Failed to restart
Fri Apr  3 17:43:35 WAT 2026 - nginx: Running
Fri Apr  3 17:43:35 WAT 2026 - ssh: Stopped
Fri Apr  3 17:43:36 WAT 2026 - ssh: Failed to restart
Fri Apr  3 17:43:36 WAT 2026 - docker: Stopped
Fri Apr  3 17:43:37 WAT 2026 - docker: Failed to restart
Fri Apr  3 17:48:11 WAT 2026 - nginx: Running
Fri Apr  3 17:48:11 WAT 2026 - ssh: Stopped
Fri Apr  3 17:48:11 WAT 2026 - ssh: Failed to restart
Fri Apr  3 17:48:11 WAT 2026 - docker: Stopped
Fri Apr  3 17:48:13 WAT 2026 - docker: Failed to restart
Fri Apr  3 17:53:49 WAT 2026 - nginx: Running
Fri Apr  3 17:53:49 WAT 2026 - sshd: Running
Fri Apr  3 17:53:49 WAT 2026 - docker: Stopped
Fri Apr  3 17:53:51 WAT 2026 - docker: Failed to restart
Fri Apr  3 17:57:10 WAT 2026 - nginx: Running
Fri Apr  3 17:57:10 WAT 2026 - sshd: Running
Fri Apr  3 17:57:10 WAT 2026 - docker: Stopped
Fri Apr  3 17:57:11 WAT 2026 - docker: Failed to restart
Fri Apr  3 18:05:23 WAT 2026 - nginx: Running
Fri Apr  3 18:05:23 WAT 2026 - sshd: Running
Fri Apr  3 18:05:23 WAT 2026 - dockered: Stopped
Fri Apr  3 18:05:23 WAT 2026 - dockered: Failed to restart
Fri Apr  3 18:30:05 WAT 2026 - nginx: Running
Fri Apr  3 18:30:05 WAT 2026 - sshd: Running
Fri Apr  3 18:30:05 WAT 2026 - dockered: Stopped
Fri Apr  3 18:30:05 WAT 2026 - dockered: Failed to restart
