Sun Mar 29 09:20:30 PDT 2026: Created file test.txt
Sun Mar 29 09:21:05 PDT 2026: Deleted file test.txt
Sun Mar 29 09:21:21 PDT 2026: Listed files
[2026-03-29 09:23:47] LIST: Listed contents of '.'.
Tue Mar 31 08:31:26 PDT 2026: Created file business_record
Tue Mar 31 09:37:46 PDT 2026: Created file profile
Tue Mar 31 09:45:20 PDT 2026: Created file profile
Tue Mar 31 09:57:29 PDT 2026: Listed files
Tue Mar 31 09:58:24 PDT 2026: Deleted file profile
Tue Mar 31 09:58:28 PDT 2026: Listed files
Tue Mar 31 09:58:53 PDT 2026: Created file profile
Tue Mar 31 09:59:00 PDT 2026: Listed files
Tue Mar 31 10:03:44 PDT 2026: Created file file1
Tue Mar 31 10:03:44 PDT 2026: Created file file2
Tue Mar 31 10:03:44 PDT 2026: Created file file3
Tue Mar 31 10:04:04 PDT 2026: Listed files
Tue Mar 31 10:04:17 PDT 2026: Deleted file file1
Tue Mar 31 10:04:17 PDT 2026: Deleted file file2
Tue Mar 31 10:04:17 PDT 2026: Deleted file file3
Tue Mar 31 10:04:21 PDT 2026: Listed files
Tue Mar 31 10:42:44 PDT 2026: Created file houses
Tue Mar 31 10:42:44 PDT 2026: Created file cars
Tue Mar 31 10:42:44 PDT 2026: Created file rent
Tue Mar 31 11:30:03 PDT 2026: Created file phones
Tue Mar 31 11:32:40 PDT 2026: Created file wire
Tue Mar 31 11:52:57 PDT 2026: Created file action_figure
Tue Mar 31 12:28:39 PDT 2026: Created file cord
