Sun Mar 29 09:41:13 PDT 2026: nginx is not running
Sun Mar 29 09:41:23 PDT 2026: nginx restarted
Sun Mar 29 09:41:23 PDT 2026: Failed to restart nginx
Sun Mar 29 09:41:23 PDT 2026: ssh is not running
Sun Mar 29 09:41:23 PDT 2026: Failed to restart ssh
Sun Mar 29 09:41:23 PDT 2026: docker is not running
Sun Mar 29 09:41:23 PDT 2026: Failed to restart docker
Sun Mar 29 09:42:36 PDT 2026: nginx is not running
Sun Mar 29 09:42:36 PDT 2026: nginx restarted
Sun Mar 29 09:42:36 PDT 2026: Failed to restart nginx
Sun Mar 29 09:42:36 PDT 2026: ssh is not running
Sun Mar 29 09:42:36 PDT 2026: ssh restarted
Sun Mar 29 09:42:36 PDT 2026: Failed to restart ssh
Sun Mar 29 09:42:36 PDT 2026: docker is not running
Sun Mar 29 09:42:36 PDT 2026: Failed to restart docker
Tue Mar 31 08:13:40 PDT 2026: nginx is not running
Tue Mar 31 08:13:49 PDT 2026: nginx restarted
Tue Mar 31 08:13:49 PDT 2026: Failed to restart nginx
Tue Mar 31 08:13:49 PDT 2026: ssh is not running
Tue Mar 31 08:13:49 PDT 2026: ssh restarted
Tue Mar 31 08:13:49 PDT 2026: Failed to restart ssh
Tue Mar 31 08:13:49 PDT 2026: docker is not running
Tue Mar 31 08:13:49 PDT 2026: Failed to restart docker
Tue Mar 31 10:06:39 PDT 2026: nginx is not running
Tue Mar 31 10:06:47 PDT 2026: nginx restarted
Tue Mar 31 10:06:47 PDT 2026: Failed to restart nginx
Tue Mar 31 10:06:47 PDT 2026: ssh is not running
Tue Mar 31 10:06:47 PDT 2026: ssh restarted
Tue Mar 31 10:06:47 PDT 2026: Failed to restart ssh
Tue Mar 31 10:06:47 PDT 2026: docker is not running
Tue Mar 31 10:06:47 PDT 2026: Failed to restart docker
Tue Mar 31 12:18:27 PDT 2026: nginx is not running
Tue Mar 31 12:18:36 PDT 2026: nginx restarted successfully
Tue Mar 31 12:18:36 PDT 2026: ssh is not running
Tue Mar 31 12:18:37 PDT 2026: ssh restarted successfully
Tue Mar 31 12:18:37 PDT 2026: docker is not running
Tue Mar 31 12:18:37 PDT 2026: Failed to restart docker
Tue Mar 31 12:22:03 PDT 2026: nginx is not running
Tue Mar 31 12:22:03 PDT 2026: nginx restarted successfully
Tue Mar 31 12:22:03 PDT 2026: ssh is not running
Tue Mar 31 12:22:03 PDT 2026: ssh restarted successfully
Tue Mar 31 12:22:03 PDT 2026: docker is not running
Tue Mar 31 12:22:03 PDT 2026: Failed to restart docker
Tue Mar 31 12:28:44 PDT 2026: nginx is not running
Tue Mar 31 12:28:44 PDT 2026: nginx restarted successfully
Tue Mar 31 12:28:44 PDT 2026: ssh is not running
Tue Mar 31 12:28:44 PDT 2026: ssh restarted successfully
Tue Mar 31 12:28:44 PDT 2026: docker is not running
Tue Mar 31 12:28:44 PDT 2026: Failed to restart docker
